<?xml version="1.0" encoding="UTF-8"?>
<!-- Generated by org.testng.reporters.JUnitReportReporter -->
<testsuite skipped="0" hostname="4487987116f2" name="flights.FlightsTests" tests="2" failures="0" timestamp="2020-12-05T13:18:52 GMT" time="4.280" errors="0">
  <testcase name="verifyLabelCounts" time="2.754" classname="flights.FlightsTests"/>
  <system-out/>
  <testcase name="verifyLables" time="1.526" classname="flights.FlightsTests"/>
  <system-out/>
</testsuite> <!-- flights.FlightsTests -->
