<?xml version="1.0" encoding="UTF-8"?>
<!-- Generated by org.testng.reporters.JUnitReportReporter -->
<testsuite skipped="0" hostname="ddc91ec1a3d1" name="flights.FlightsTests" tests="2" failures="0" timestamp="2020-12-05T13:18:50 GMT" time="4.836" errors="0">
  <testcase name="verifyLabelCounts" time="2.855" classname="flights.FlightsTests"/>
  <system-out/>
  <testcase name="verifyLables" time="1.981" classname="flights.FlightsTests"/>
  <system-out/>
</testsuite> <!-- flights.FlightsTests -->
