<?xml version="1.0" encoding="UTF-8"?>
<!-- Generated by org.testng.reporters.JUnitReportReporter -->
<testsuite hostname="SURO" failures="0" tests="2" name="flights.FlightsTests" time="4.737" errors="0" timestamp="2020-12-06T16:52:54 IST" skipped="0">
  <testcase classname="flights.FlightsTests" name="verifyLables" time="1.591"/>
  <system-out/>
  <testcase classname="flights.FlightsTests" name="verifyLabelCounts" time="3.146"/>
  <system-out/>
</testsuite> <!-- flights.FlightsTests -->
